CRITICAL - 2025-01-02 15:25:42 --> ErrorException: Undefined array key "name"
in APPPATH\Views\crops_view.php on line 25.
 1 APPPATH\Views\crops_view.php(25): CodeIgniter\Debug\Exceptions->errorHandler(2, 'Undefined array key "name"', 'C:\\KULIAH\\SEMESTER 5\\Garden\\garden\\app\\Views\\crops_view.php', 25)
 2 SYSTEMPATH\View\View.php(228): include('C:\\KULIAH\\SEMESTER 5\\Garden\\garden\\app\\Views\\crops_view.php')
 3 SYSTEMPATH\View\View.php(231): CodeIgniter\View\View->CodeIgniter\View\{closure}()
 4 SYSTEMPATH\Common.php(1178): CodeIgniter\View\View->render('crops_view', [], true)
 5 APPPATH\Controllers\CropsController.php(42): view('crops_view', [...])
 6 SYSTEMPATH\CodeIgniter.php(943): App\Controllers\CropsController->index()
 7 SYSTEMPATH\CodeIgniter.php(503): CodeIgniter\CodeIgniter->runController(Object(App\Controllers\CropsController))
 8 SYSTEMPATH\CodeIgniter.php(361): CodeIgniter\CodeIgniter->handleRequest(null, Object(Config\Cache), false)
 9 FCPATH\index.php(79): CodeIgniter\CodeIgniter->run()
10 SYSTEMPATH\Commands\Server\rewrite.php(47): require_once('C:\\KULIAH\\SEMESTER 5\\Garden\\garden\\public\\index.php')
CRITICAL - 2025-01-02 15:28:48 --> ErrorException: Undefined array key "en-wikipedia-url"
in APPPATH\Views\crops_view.php on line 25.
 1 APPPATH\Views\crops_view.php(25): CodeIgniter\Debug\Exceptions->errorHandler(2, 'Undefined array key "en-wikipedia-url"', 'C:\\KULIAH\\SEMESTER 5\\Garden\\garden\\app\\Views\\crops_view.php', 25)
 2 SYSTEMPATH\View\View.php(228): include('C:\\KULIAH\\SEMESTER 5\\Garden\\garden\\app\\Views\\crops_view.php')
 3 SYSTEMPATH\View\View.php(231): CodeIgniter\View\View->CodeIgniter\View\{closure}()
 4 SYSTEMPATH\Common.php(1178): CodeIgniter\View\View->render('crops_view', [], true)
 5 APPPATH\Controllers\CropsController.php(42): view('crops_view', [...])
 6 SYSTEMPATH\CodeIgniter.php(943): App\Controllers\CropsController->index()
 7 SYSTEMPATH\CodeIgniter.php(503): CodeIgniter\CodeIgniter->runController(Object(App\Controllers\CropsController))
 8 SYSTEMPATH\CodeIgniter.php(361): CodeIgniter\CodeIgniter->handleRequest(null, Object(Config\Cache), false)
 9 FCPATH\index.php(79): CodeIgniter\CodeIgniter->run()
10 SYSTEMPATH\Commands\Server\rewrite.php(47): require_once('C:\\KULIAH\\SEMESTER 5\\Garden\\garden\\public\\index.php')
CRITICAL - 2025-01-02 15:29:31 --> ErrorException: Undefined array key "perennial"
in APPPATH\Views\crops_view.php on line 33.
 1 APPPATH\Views\crops_view.php(33): CodeIgniter\Debug\Exceptions->errorHandler(2, 'Undefined array key "perennial"', 'C:\\KULIAH\\SEMESTER 5\\Garden\\garden\\app\\Views\\crops_view.php', 33)
 2 SYSTEMPATH\View\View.php(228): include('C:\\KULIAH\\SEMESTER 5\\Garden\\garden\\app\\Views\\crops_view.php')
 3 SYSTEMPATH\View\View.php(231): CodeIgniter\View\View->CodeIgniter\View\{closure}()
 4 SYSTEMPATH\Common.php(1178): CodeIgniter\View\View->render('crops_view', [], true)
 5 APPPATH\Controllers\CropsController.php(42): view('crops_view', [...])
 6 SYSTEMPATH\CodeIgniter.php(943): App\Controllers\CropsController->index()
 7 SYSTEMPATH\CodeIgniter.php(503): CodeIgniter\CodeIgniter->runController(Object(App\Controllers\CropsController))
 8 SYSTEMPATH\CodeIgniter.php(361): CodeIgniter\CodeIgniter->handleRequest(null, Object(Config\Cache), false)
 9 FCPATH\index.php(79): CodeIgniter\CodeIgniter->run()
10 SYSTEMPATH\Commands\Server\rewrite.php(47): require_once('C:\\KULIAH\\SEMESTER 5\\Garden\\garden\\public\\index.php')
CRITICAL - 2025-01-02 15:40:57 --> ErrorException: Undefined property: CodeIgniter\View\View::$request
in APPPATH\Views\crops_view.php on line 75.
 1 APPPATH\Views\crops_view.php(75): CodeIgniter\Debug\Exceptions->errorHandler(2, 'Undefined property: CodeIgniter\\View\\View::$request', 'C:\\KULIAH\\SEMESTER 5\\Garden\\garden\\app\\Views\\crops_view.php', 75)
 2 SYSTEMPATH\View\View.php(228): include('C:\\KULIAH\\SEMESTER 5\\Garden\\garden\\app\\Views\\crops_view.php')
 3 SYSTEMPATH\View\View.php(231): CodeIgniter\View\View->CodeIgniter\View\{closure}()
 4 SYSTEMPATH\Common.php(1178): CodeIgniter\View\View->render('crops_view', [], true)
 5 APPPATH\Controllers\CropsController.php(49): view('crops_view', [...])
 6 SYSTEMPATH\CodeIgniter.php(943): App\Controllers\CropsController->index()
 7 SYSTEMPATH\CodeIgniter.php(503): CodeIgniter\CodeIgniter->runController(Object(App\Controllers\CropsController))
 8 SYSTEMPATH\CodeIgniter.php(361): CodeIgniter\CodeIgniter->handleRequest(null, Object(Config\Cache), false)
 9 FCPATH\index.php(79): CodeIgniter\CodeIgniter->run()
10 SYSTEMPATH\Commands\Server\rewrite.php(47): require_once('C:\\KULIAH\\SEMESTER 5\\Garden\\garden\\public\\index.php')
CRITICAL - 2025-01-02 15:41:53 --> TypeError: Unsupported operand types: array + int
in APPPATH\Views\crops_view.php on line 75.
 1 SYSTEMPATH\View\View.php(228): include()
 2 SYSTEMPATH\View\View.php(231): CodeIgniter\View\View->CodeIgniter\View\{closure}()
 3 SYSTEMPATH\Common.php(1178): CodeIgniter\View\View->render('crops_view', [], true)
 4 APPPATH\Controllers\CropsController.php(49): view('crops_view', [...])
 5 SYSTEMPATH\CodeIgniter.php(943): App\Controllers\CropsController->index()
 6 SYSTEMPATH\CodeIgniter.php(503): CodeIgniter\CodeIgniter->runController(Object(App\Controllers\CropsController))
 7 SYSTEMPATH\CodeIgniter.php(361): CodeIgniter\CodeIgniter->handleRequest(null, Object(Config\Cache), false)
 8 FCPATH\index.php(79): CodeIgniter\CodeIgniter->run()
 9 SYSTEMPATH\Commands\Server\rewrite.php(47): require_once('C:\\KULIAH\\SEMESTER 5\\Garden\\garden\\public\\index.php')
CRITICAL - 2025-01-02 15:42:40 --> ErrorException: Undefined array key "meta"
in APPPATH\Controllers\CropsController.php on line 46.
 1 APPPATH\Controllers\CropsController.php(46): CodeIgniter\Debug\Exceptions->errorHandler(2, 'Undefined array key "meta"', 'C:\\KULIAH\\SEMESTER 5\\Garden\\garden\\app\\Controllers\\CropsController.php', 46)
 2 SYSTEMPATH\CodeIgniter.php(943): App\Controllers\CropsController->index()
 3 SYSTEMPATH\CodeIgniter.php(503): CodeIgniter\CodeIgniter->runController(Object(App\Controllers\CropsController))
 4 SYSTEMPATH\CodeIgniter.php(361): CodeIgniter\CodeIgniter->handleRequest(null, Object(Config\Cache), false)
 5 FCPATH\index.php(79): CodeIgniter\CodeIgniter->run()
 6 SYSTEMPATH\Commands\Server\rewrite.php(47): require_once('C:\\KULIAH\\SEMESTER 5\\Garden\\garden\\public\\index.php')
CRITICAL - 2025-01-02 15:42:43 --> ErrorException: Undefined array key "meta"
in APPPATH\Controllers\CropsController.php on line 46.
 1 APPPATH\Controllers\CropsController.php(46): CodeIgniter\Debug\Exceptions->errorHandler(2, 'Undefined array key "meta"', 'C:\\KULIAH\\SEMESTER 5\\Garden\\garden\\app\\Controllers\\CropsController.php', 46)
 2 SYSTEMPATH\CodeIgniter.php(943): App\Controllers\CropsController->index()
 3 SYSTEMPATH\CodeIgniter.php(503): CodeIgniter\CodeIgniter->runController(Object(App\Controllers\CropsController))
 4 SYSTEMPATH\CodeIgniter.php(361): CodeIgniter\CodeIgniter->handleRequest(null, Object(Config\Cache), false)
 5 FCPATH\index.php(79): CodeIgniter\CodeIgniter->run()
 6 SYSTEMPATH\Commands\Server\rewrite.php(47): require_once('C:\\KULIAH\\SEMESTER 5\\Garden\\garden\\public\\index.php')
CRITICAL - 2025-01-02 15:44:00 --> ErrorException: Undefined array key "perennial"
in APPPATH\Views\crops_view.php on line 35.
 1 APPPATH\Views\crops_view.php(35): CodeIgniter\Debug\Exceptions->errorHandler(2, 'Undefined array key "perennial"', 'C:\\KULIAH\\SEMESTER 5\\Garden\\garden\\app\\Views\\crops_view.php', 35)
 2 SYSTEMPATH\View\View.php(228): include('C:\\KULIAH\\SEMESTER 5\\Garden\\garden\\app\\Views\\crops_view.php')
 3 SYSTEMPATH\View\View.php(231): CodeIgniter\View\View->CodeIgniter\View\{closure}()
 4 SYSTEMPATH\Common.php(1178): CodeIgniter\View\View->render('crops_view', [], true)
 5 APPPATH\Controllers\CropsController.php(60): view('crops_view', [...])
 6 SYSTEMPATH\CodeIgniter.php(943): App\Controllers\CropsController->index()
 7 SYSTEMPATH\CodeIgniter.php(503): CodeIgniter\CodeIgniter->runController(Object(App\Controllers\CropsController))
 8 SYSTEMPATH\CodeIgniter.php(361): CodeIgniter\CodeIgniter->handleRequest(null, Object(Config\Cache), false)
 9 FCPATH\index.php(79): CodeIgniter\CodeIgniter->run()
10 SYSTEMPATH\Commands\Server\rewrite.php(47): require_once('C:\\KULIAH\\SEMESTER 5\\Garden\\garden\\public\\index.php')
CRITICAL - 2025-01-02 15:44:24 --> ErrorException: Undefined array key "perennial"
in APPPATH\Views\crops_view.php on line 35.
 1 APPPATH\Views\crops_view.php(35): CodeIgniter\Debug\Exceptions->errorHandler(2, 'Undefined array key "perennial"', 'C:\\KULIAH\\SEMESTER 5\\Garden\\garden\\app\\Views\\crops_view.php', 35)
 2 SYSTEMPATH\View\View.php(228): include('C:\\KULIAH\\SEMESTER 5\\Garden\\garden\\app\\Views\\crops_view.php')
 3 SYSTEMPATH\View\View.php(231): CodeIgniter\View\View->CodeIgniter\View\{closure}()
 4 SYSTEMPATH\Common.php(1178): CodeIgniter\View\View->render('crops_view', [], true)
 5 APPPATH\Controllers\CropsController.php(60): view('crops_view', [...])
 6 SYSTEMPATH\CodeIgniter.php(943): App\Controllers\CropsController->index()
 7 SYSTEMPATH\CodeIgniter.php(503): CodeIgniter\CodeIgniter->runController(Object(App\Controllers\CropsController))
 8 SYSTEMPATH\CodeIgniter.php(361): CodeIgniter\CodeIgniter->handleRequest(null, Object(Config\Cache), false)
 9 FCPATH\index.php(79): CodeIgniter\CodeIgniter->run()
10 SYSTEMPATH\Commands\Server\rewrite.php(47): require_once('C:\\KULIAH\\SEMESTER 5\\Garden\\garden\\public\\index.php')
CRITICAL - 2025-01-02 15:45:29 --> ErrorException: Undefined array key "perennial"
in APPPATH\Views\crops_view.php on line 46.
 1 APPPATH\Views\crops_view.php(46): CodeIgniter\Debug\Exceptions->errorHandler(2, 'Undefined array key "perennial"', 'C:\\KULIAH\\SEMESTER 5\\Garden\\garden\\app\\Views\\crops_view.php', 46)
 2 SYSTEMPATH\View\View.php(228): include('C:\\KULIAH\\SEMESTER 5\\Garden\\garden\\app\\Views\\crops_view.php')
 3 SYSTEMPATH\View\View.php(231): CodeIgniter\View\View->CodeIgniter\View\{closure}()
 4 SYSTEMPATH\Common.php(1178): CodeIgniter\View\View->render('crops_view', [], true)
 5 APPPATH\Controllers\CropsController.php(60): view('crops_view', [...])
 6 SYSTEMPATH\CodeIgniter.php(943): App\Controllers\CropsController->index()
 7 SYSTEMPATH\CodeIgniter.php(503): CodeIgniter\CodeIgniter->runController(Object(App\Controllers\CropsController))
 8 SYSTEMPATH\CodeIgniter.php(361): CodeIgniter\CodeIgniter->handleRequest(null, Object(Config\Cache), false)
 9 FCPATH\index.php(79): CodeIgniter\CodeIgniter->run()
10 SYSTEMPATH\Commands\Server\rewrite.php(47): require_once('C:\\KULIAH\\SEMESTER 5\\Garden\\garden\\public\\index.php')
CRITICAL - 2025-01-02 15:51:47 --> ErrorException: Undefined variable $offset
in APPPATH\Views\crops\index.php on line 30.
 1 APPPATH\Views\crops\index.php(30): CodeIgniter\Debug\Exceptions->errorHandler(2, 'Undefined variable $offset', 'C:\\KULIAH\\SEMESTER 5\\Garden\\garden\\app\\Views\\crops\\index.php', 30)
 2 SYSTEMPATH\View\View.php(228): include('C:\\KULIAH\\SEMESTER 5\\Garden\\garden\\app\\Views\\crops\\index.php')
 3 SYSTEMPATH\View\View.php(231): CodeIgniter\View\View->CodeIgniter\View\{closure}()
 4 SYSTEMPATH\Common.php(1178): CodeIgniter\View\View->render('crops/index', [], true)
 5 APPPATH\Controllers\CropsController.php(25): view('crops/index', [...])
 6 SYSTEMPATH\CodeIgniter.php(943): App\Controllers\CropsController->index()
 7 SYSTEMPATH\CodeIgniter.php(503): CodeIgniter\CodeIgniter->runController(Object(App\Controllers\CropsController))
 8 SYSTEMPATH\CodeIgniter.php(361): CodeIgniter\CodeIgniter->handleRequest(null, Object(Config\Cache), false)
 9 FCPATH\index.php(79): CodeIgniter\CodeIgniter->run()
10 SYSTEMPATH\Commands\Server\rewrite.php(47): require_once('C:\\KULIAH\\SEMESTER 5\\Garden\\garden\\public\\index.php')
CRITICAL - 2025-01-02 16:09:43 --> ErrorException: Undefined array key "url"
in APPPATH\Views\crops\index.php on line 31.
 1 APPPATH\Views\crops\index.php(31): CodeIgniter\Debug\Exceptions->errorHandler(2, 'Undefined array key "url"', 'C:\\KULIAH\\SEMESTER 5\\Garden\\garden\\app\\Views\\crops\\index.php', 31)
 2 SYSTEMPATH\View\View.php(228): include('C:\\KULIAH\\SEMESTER 5\\Garden\\garden\\app\\Views\\crops\\index.php')
 3 SYSTEMPATH\View\View.php(231): CodeIgniter\View\View->CodeIgniter\View\{closure}()
 4 SYSTEMPATH\Common.php(1178): CodeIgniter\View\View->render('crops/index', [], true)
 5 APPPATH\Controllers\CropsController.php(32): view('crops/index', [...])
 6 SYSTEMPATH\CodeIgniter.php(943): App\Controllers\CropsController->index('0')
 7 SYSTEMPATH\CodeIgniter.php(503): CodeIgniter\CodeIgniter->runController(Object(App\Controllers\CropsController))
 8 SYSTEMPATH\CodeIgniter.php(361): CodeIgniter\CodeIgniter->handleRequest(null, Object(Config\Cache), false)
 9 FCPATH\index.php(79): CodeIgniter\CodeIgniter->run()
10 SYSTEMPATH\Commands\Server\rewrite.php(47): require_once('C:\\KULIAH\\SEMESTER 5\\Garden\\garden\\public\\index.php')
CRITICAL - 2025-01-02 16:18:04 --> ErrorException: Undefined variable $limit
in APPPATH\Views\crops\index.php on line 25.
 1 APPPATH\Views\crops\index.php(25): CodeIgniter\Debug\Exceptions->errorHandler(2, 'Undefined variable $limit', 'C:\\KULIAH\\SEMESTER 5\\Garden\\garden\\app\\Views\\crops\\index.php', 25)
 2 SYSTEMPATH\View\View.php(228): include('C:\\KULIAH\\SEMESTER 5\\Garden\\garden\\app\\Views\\crops\\index.php')
 3 SYSTEMPATH\View\View.php(231): CodeIgniter\View\View->CodeIgniter\View\{closure}()
 4 SYSTEMPATH\Common.php(1178): CodeIgniter\View\View->render('crops/index', [], true)
 5 APPPATH\Controllers\CropsController.php(43): view('crops/index', [...])
 6 SYSTEMPATH\CodeIgniter.php(943): App\Controllers\CropsController->index(-10.0)
 7 SYSTEMPATH\CodeIgniter.php(503): CodeIgniter\CodeIgniter->runController(Object(App\Controllers\CropsController))
 8 SYSTEMPATH\CodeIgniter.php(361): CodeIgniter\CodeIgniter->handleRequest(null, Object(Config\Cache), false)
 9 FCPATH\index.php(79): CodeIgniter\CodeIgniter->run()
10 SYSTEMPATH\Commands\Server\rewrite.php(47): require_once('C:\\KULIAH\\SEMESTER 5\\Garden\\garden\\public\\index.php')
CRITICAL - 2025-01-02 16:18:06 --> ErrorException: Undefined variable $limit
in APPPATH\Views\crops\index.php on line 25.
 1 APPPATH\Views\crops\index.php(25): CodeIgniter\Debug\Exceptions->errorHandler(2, 'Undefined variable $limit', 'C:\\KULIAH\\SEMESTER 5\\Garden\\garden\\app\\Views\\crops\\index.php', 25)
 2 SYSTEMPATH\View\View.php(228): include('C:\\KULIAH\\SEMESTER 5\\Garden\\garden\\app\\Views\\crops\\index.php')
 3 SYSTEMPATH\View\View.php(231): CodeIgniter\View\View->CodeIgniter\View\{closure}()
 4 SYSTEMPATH\Common.php(1178): CodeIgniter\View\View->render('crops/index', [], true)
 5 APPPATH\Controllers\CropsController.php(43): view('crops/index', [...])
 6 SYSTEMPATH\CodeIgniter.php(943): App\Controllers\CropsController->index(-10.0)
 7 SYSTEMPATH\CodeIgniter.php(503): CodeIgniter\CodeIgniter->runController(Object(App\Controllers\CropsController))
 8 SYSTEMPATH\CodeIgniter.php(361): CodeIgniter\CodeIgniter->handleRequest(null, Object(Config\Cache), false)
 9 FCPATH\index.php(79): CodeIgniter\CodeIgniter->run()
10 SYSTEMPATH\Commands\Server\rewrite.php(47): require_once('C:\\KULIAH\\SEMESTER 5\\Garden\\garden\\public\\index.php')
CRITICAL - 2025-01-02 16:21:02 --> ErrorException: Undefined variable $total
in APPPATH\Views\crops\index.php on line 25.
 1 APPPATH\Views\crops\index.php(25): CodeIgniter\Debug\Exceptions->errorHandler(2, 'Undefined variable $total', 'C:\\KULIAH\\SEMESTER 5\\Garden\\garden\\app\\Views\\crops\\index.php', 25)
 2 SYSTEMPATH\View\View.php(228): include('C:\\KULIAH\\SEMESTER 5\\Garden\\garden\\app\\Views\\crops\\index.php')
 3 SYSTEMPATH\View\View.php(231): CodeIgniter\View\View->CodeIgniter\View\{closure}()
 4 SYSTEMPATH\Common.php(1178): CodeIgniter\View\View->render('crops/index', [], true)
 5 APPPATH\Controllers\CropsController.php(26): view('crops/index', [...])
 6 SYSTEMPATH\CodeIgniter.php(943): App\Controllers\CropsController->index()
 7 SYSTEMPATH\CodeIgniter.php(503): CodeIgniter\CodeIgniter->runController(Object(App\Controllers\CropsController))
 8 SYSTEMPATH\CodeIgniter.php(361): CodeIgniter\CodeIgniter->handleRequest(null, Object(Config\Cache), false)
 9 FCPATH\index.php(79): CodeIgniter\CodeIgniter->run()
10 SYSTEMPATH\Commands\Server\rewrite.php(47): require_once('C:\\KULIAH\\SEMESTER 5\\Garden\\garden\\public\\index.php')
CRITICAL - 2025-01-02 16:21:23 --> ErrorException: Undefined variable $offset
in APPPATH\Views\crops\index.php on line 30.
 1 APPPATH\Views\crops\index.php(30): CodeIgniter\Debug\Exceptions->errorHandler(2, 'Undefined variable $offset', 'C:\\KULIAH\\SEMESTER 5\\Garden\\garden\\app\\Views\\crops\\index.php', 30)
 2 SYSTEMPATH\View\View.php(228): include('C:\\KULIAH\\SEMESTER 5\\Garden\\garden\\app\\Views\\crops\\index.php')
 3 SYSTEMPATH\View\View.php(231): CodeIgniter\View\View->CodeIgniter\View\{closure}()
 4 SYSTEMPATH\Common.php(1178): CodeIgniter\View\View->render('crops/index', [], true)
 5 APPPATH\Controllers\CropsController.php(25): view('crops/index', [...])
 6 SYSTEMPATH\CodeIgniter.php(943): App\Controllers\CropsController->index()
 7 SYSTEMPATH\CodeIgniter.php(503): CodeIgniter\CodeIgniter->runController(Object(App\Controllers\CropsController))
 8 SYSTEMPATH\CodeIgniter.php(361): CodeIgniter\CodeIgniter->handleRequest(null, Object(Config\Cache), false)
 9 FCPATH\index.php(79): CodeIgniter\CodeIgniter->run()
10 SYSTEMPATH\Commands\Server\rewrite.php(47): require_once('C:\\KULIAH\\SEMESTER 5\\Garden\\garden\\public\\index.php')
